<?xml version="1.0" encoding="UTF-8"?>
<!-- Generated by org.testng.reporters.JUnitReportReporter -->
<testsuite hostname="DESKTOP-9SPQKP1" failures="0" tests="1" name="Login" time="9.810" errors="0" timestamp="2025-02-04T16:16:05 IST" skipped="0">
  <testcase classname="Login" name="openUrl" time="9.810"/>
</testsuite> <!-- Login -->
